[debug] [2021-04-14T08:18:00.865Z] ----------------------------------------------------------------------
[debug] [2021-04-14T08:18:00.872Z] Command:       /usr/local/bin/node /usr/local/bin/firebase deploy
[debug] [2021-04-14T08:18:00.873Z] CLI Version:   9.9.0
[debug] [2021-04-14T08:18:00.873Z] Platform:      linux
[debug] [2021-04-14T08:18:00.874Z] Node Version:  v12.18.2
[debug] [2021-04-14T08:18:00.906Z] Time:          Wed Apr 14 2021 14:18:00 GMT+0600 (Bangladesh Standard Time)
[debug] [2021-04-14T08:18:00.907Z] ----------------------------------------------------------------------
[debug] 
[debug] [2021-04-14T08:18:00.913Z] >>> [apiv2][query] GET https://firebase-public.firebaseio.com/cli.json [none]
[debug] [2021-04-14T08:18:00.994Z] > command requires scopes: ["email","openid","https://www.googleapis.com/auth/cloudplatformprojects.readonly","https://www.googleapis.com/auth/firebase","https://www.googleapis.com/auth/cloud-platform"]
[debug] [2021-04-14T08:18:00.994Z] > authorizing via signed-in user (1605026@ugrad.cse.buet.ac.bd)
[debug] [2021-04-14T08:18:00.995Z] [iam] checking project csflow-buet for permissions ["firebase.projects.get","firebasehosting.sites.update"]
[debug] [2021-04-14T08:18:00.997Z] > refreshing access token with scopes: ["email","https://www.googleapis.com/auth/cloud-platform","https://www.googleapis.com/auth/cloudplatformprojects.readonly","https://www.googleapis.com/auth/firebase","openid"]
[debug] [2021-04-14T08:18:00.998Z] >>> HTTP REQUEST POST https://www.googleapis.com/oauth2/v3/token  
 <request body omitted>
[debug] [2021-04-14T08:18:10.223Z] [iam] error while checking permissions, command may fail: FirebaseError: Authentication Error: Your credentials are no longer valid. Please run firebase login --reauth

For CI servers and headless environments, generate a new token with firebase login:ci
[debug] [2021-04-14T08:18:10.224Z] > refreshing access token with scopes: []
[debug] [2021-04-14T08:18:10.224Z] >>> HTTP REQUEST POST https://www.googleapis.com/oauth2/v3/token  
 <request body omitted>
[debug] [2021-04-14T08:18:20.235Z] Authentication Error: Your credentials are no longer valid. Please run firebase login --reauth

For CI servers and headless environments, generate a new token with firebase login:ci
[debug] [2021-04-14T08:18:30.254Z] FirebaseError: Authentication Error: Your credentials are no longer valid. Please run firebase login --reauth

For CI servers and headless environments, generate a new token with firebase login:ci
    at invalidCredentialError (/usr/local/lib/node_modules/firebase-tools/lib/auth.js:141:12)
    at refreshTokens (/usr/local/lib/node_modules/firebase-tools/lib/auth.js:450:15)
    at processTicksAndRejections (internal/process/task_queues.js:97:5)
[error] 
[error] Error: Failed to get Firebase project csflow-buet. Please make sure the project exists and your account has permission to access it.
